<?xml version="1.0" encoding="UTF-8" ?>
<testsuite tests="4" failures="0" name="com.mycompany.moviemanager.MovieManagerTest" time="5.063" errors="1" skipped="0">
  <properties>
[...]
</properties>
  <testcase classname="com.mycompany.moviemanager.MovieManagerTest" name="testMovieWithWrongAttributes" time="2.744"/>
  <testcase classname="com.mycompany.moviemanager.MovieManagerTest" name="testCreateMovie" time="0.833"/>
  <testcase classname="com.mycompany.moviemanager.MovieManagerTest" name="testDeleteMovie" time="0.166"/>
  <testcase classname="com.mycompany.moviemanager.MovieManagerTest" name="testUpdateMovie" time="1.111">
    <error message="PreparedStatementCallback; bad SQL grammar [UPDATE MOVIES SET title=?, movieYear=?, genre=?, length=? WHERE id=?]; nested exception is java.sql.SQLException: At least one parameter to the current statement is uninitialized." type="org.springframework.jdbc.BadSqlGrammarException">org.springframework.jdbc.BadSqlGrammarException: PreparedStatementCallback; bad SQL grammar [UPDATE MOVIES SET title=?, movieYear=?, genre=?, length=? WHERE id=?]; nested exception is java.sql.SQLException: At least one parameter to the current statement is uninitialized.
	at org.springframework.jdbc.support.SQLStateSQLExceptionTranslator.doTranslate(SQLStateSQLExceptionTranslator.java:99)
	at org.springframework.jdbc.support.AbstractFallbackSQLExceptionTranslator.translate(AbstractFallbackSQLExceptionTranslator.java:73)
	at org.springframework.jdbc.support.AbstractFallbackSQLExceptionTranslator.translate(AbstractFallbackSQLExceptionTranslator.java:81)
	at org.springframework.jdbc.support.AbstractFallbackSQLExceptionTranslator.translate(AbstractFallbackSQLExceptionTranslator.java:81)
	at org.springframework.jdbc.core.JdbcTemplate.execute(JdbcTemplate.java:660)
	at org.springframework.jdbc.core.JdbcTemplate.update(JdbcTemplate.java:909)
	at org.springframework.jdbc.core.JdbcTemplate.update(JdbcTemplate.java:970)
	at org.springframework.jdbc.core.JdbcTemplate.update(JdbcTemplate.java:980)
	at com.mycompany.moviemanager.MovieManagerImpl.updateMovie(MovieManagerImpl.java:108)
	at com.mycompany.moviemanager.MovieManagerTest.testUpdateMovie(MovieManagerTest.java:108)
	at sun.reflect.NativeMethodAccessorImpl.invoke0(Native Method)
	at sun.reflect.NativeMethodAccessorImpl.invoke(NativeMethodAccessorImpl.java:62)
	at sun.reflect.DelegatingMethodAccessorImpl.invoke(DelegatingMethodAccessorImpl.java:43)
	at java.lang.reflect.Method.invoke(Method.java:483)
	at org.junit.runners.model.FrameworkMethod$1.runReflectiveCall(FrameworkMethod.java:45)
	at org.junit.internal.runners.model.ReflectiveCallable.run(ReflectiveCallable.java:15)
	at org.junit.runners.model.FrameworkMethod.invokeExplosively(FrameworkMethod.java:42)
	at org.junit.internal.runners.statements.InvokeMethod.evaluate(InvokeMethod.java:20)
	at org.junit.internal.runners.statements.RunBefores.evaluate(RunBefores.java:28)
	at org.junit.internal.runners.statements.RunAfters.evaluate(RunAfters.java:30)
	at org.junit.runners.ParentRunner.runLeaf(ParentRunner.java:263)
	at org.junit.runners.BlockJUnit4ClassRunner.runChild(BlockJUnit4ClassRunner.java:68)
	at org.junit.runners.BlockJUnit4ClassRunner.runChild(BlockJUnit4ClassRunner.java:47)
	at org.junit.runners.ParentRunner$3.run(ParentRunner.java:231)
	at org.junit.runners.ParentRunner$1.schedule(ParentRunner.java:60)
	at org.junit.runners.ParentRunner.runChildren(ParentRunner.java:229)
	at org.junit.runners.ParentRunner.access$000(ParentRunner.java:50)
	at org.junit.runners.ParentRunner$2.evaluate(ParentRunner.java:222)
	at org.junit.internal.runners.statements.RunBefores.evaluate(RunBefores.java:28)
	at org.junit.internal.runners.statements.RunAfters.evaluate(RunAfters.java:30)
	at org.junit.runners.ParentRunner.run(ParentRunner.java:300)
	at org.apache.maven.surefire.junit4.JUnit4TestSet.execute(JUnit4TestSet.java:53)
	at org.apache.maven.surefire.junit4.JUnit4Provider.executeTestSet(JUnit4Provider.java:123)
	at org.apache.maven.surefire.junit4.JUnit4Provider.invoke(JUnit4Provider.java:104)
	at sun.reflect.NativeMethodAccessorImpl.invoke0(Native Method)
	at sun.reflect.NativeMethodAccessorImpl.invoke(NativeMethodAccessorImpl.java:62)
	at sun.reflect.DelegatingMethodAccessorImpl.invoke(DelegatingMethodAccessorImpl.java:43)
	at java.lang.reflect.Method.invoke(Method.java:483)
	at org.apache.maven.surefire.util.ReflectionUtils.invokeMethodWithArray(ReflectionUtils.java:164)
	at org.apache.maven.surefire.booter.ProviderFactory$ProviderProxy.invoke(ProviderFactory.java:110)
	at org.apache.maven.surefire.booter.SurefireStarter.invokeProvider(SurefireStarter.java:175)
	at org.apache.maven.surefire.booter.SurefireStarter.runSuitesInProcessWhenForked(SurefireStarter.java:107)
	at org.apache.maven.surefire.booter.ForkedBooter.main(ForkedBooter.java:68)
Caused by: java.sql.SQLException: At least one parameter to the current statement is uninitialized.
	at org.apache.derby.impl.jdbc.SQLExceptionFactory.getSQLException(Unknown Source)
	at org.apache.derby.impl.jdbc.Util.generateCsSQLException(Unknown Source)
	at org.apache.derby.impl.jdbc.TransactionResourceImpl.wrapInSQLException(Unknown Source)
	at org.apache.derby.impl.jdbc.TransactionResourceImpl.handleException(Unknown Source)
	at org.apache.derby.impl.jdbc.EmbedConnection.handleException(Unknown Source)
	at org.apache.derby.impl.jdbc.ConnectionChild.handleException(Unknown Source)
	at org.apache.derby.impl.jdbc.EmbedStatement.executeStatement(Unknown Source)
	at org.apache.derby.impl.jdbc.EmbedPreparedStatement.executeStatement(Unknown Source)
	at org.apache.derby.impl.jdbc.EmbedPreparedStatement.executeLargeUpdate(Unknown Source)
	at org.apache.derby.impl.jdbc.EmbedPreparedStatement.executeUpdate(Unknown Source)
	at org.apache.commons.dbcp2.DelegatingPreparedStatement.executeUpdate(DelegatingPreparedStatement.java:98)
	at org.apache.commons.dbcp2.DelegatingPreparedStatement.executeUpdate(DelegatingPreparedStatement.java:98)
	at org.springframework.jdbc.core.JdbcTemplate$2.doInPreparedStatement(JdbcTemplate.java:916)
	at org.springframework.jdbc.core.JdbcTemplate$2.doInPreparedStatement(JdbcTemplate.java:909)
	at org.springframework.jdbc.core.JdbcTemplate.execute(JdbcTemplate.java:644)
	... 38 more
Caused by: ERROR 07000: At least one parameter to the current statement is uninitialized.
	at org.apache.derby.iapi.error.StandardException.newException(Unknown Source)
	at org.apache.derby.iapi.error.StandardException.newException(Unknown Source)
	at org.apache.derby.impl.sql.execute.BaseActivation.throwIfMissingParms(Unknown Source)
	at org.apache.derby.exe.acac3880ccx014cx5d99x1fc4x0000065493b00.reinit(Unknown Source)
	at org.apache.derby.impl.sql.execute.BaseActivation.execute(Unknown Source)
	at org.apache.derby.impl.sql.GenericActivationHolder.execute(Unknown Source)
	at org.apache.derby.impl.sql.GenericPreparedStatement.executeStmt(Unknown Source)
	at org.apache.derby.impl.sql.GenericPreparedStatement.execute(Unknown Source)
	... 47 more
</error>
    <system-out>00:37:41.550 [main] DEBUG c.m.moviemanager.MovieManagerImpl - createMovie(com.mycompany.moviemanager.Movie@0)
00:37:41.550 [main] DEBUG o.s.j.core.simple.SimpleJdbcInsert - JdbcInsert not compiled before execution - invoking compile
00:37:41.550 [main] DEBUG o.s.jdbc.datasource.DataSourceUtils - Fetching JDBC Connection from DataSource
00:37:41.550 [main] DEBUG o.s.j.c.m.TableMetaDataProviderFactory - Using DerbyTableMetaDataProvider
00:37:41.553 [main] DEBUG o.s.j.c.m.TableMetaDataProvider - GetGeneratedKeys is not supported
00:37:41.553 [main] DEBUG o.s.j.c.m.TableMetaDataProvider - GeneratedKeysColumnNameArray is not supported for Apache Derby
00:37:41.554 [main] WARN  o.s.j.c.m.TableMetaDataProvider - Overriding supportsGetGeneratedKeys from DatabaseMetaData to &apos;true&apos;; it was reported as &apos;false&apos; by Apache Derby Embedded JDBC Driver 10.11.1.1 - (1616546)
00:37:41.575 [main] DEBUG o.s.j.c.m.TableMetaDataProvider - Retrieving metadata for /APP/MOVIES
00:37:41.635 [main] DEBUG o.s.j.c.m.TableMetaDataProvider - Retrieved metadata: ID 4 false
00:37:41.635 [main] DEBUG o.s.j.c.m.TableMetaDataProvider - Retrieved metadata: TITLE 12 false
00:37:41.636 [main] DEBUG o.s.j.c.m.TableMetaDataProvider - Retrieved metadata: MOVIEYEAR 4 true
00:37:41.637 [main] DEBUG o.s.j.c.m.TableMetaDataProvider - Retrieved metadata: GENRE 12 true
00:37:41.637 [main] DEBUG o.s.j.c.m.TableMetaDataProvider - Retrieved metadata: LENGTH 4 true
00:37:41.638 [main] DEBUG o.s.jdbc.datasource.DataSourceUtils - Returning JDBC Connection to DataSource
00:37:41.638 [main] DEBUG o.s.j.core.simple.SimpleJdbcInsert - Compiled insert object: insert string is [INSERT INTO movies (TITLE, MOVIEYEAR, GENRE, LENGTH) VALUES(?, ?, ?, ?)]
00:37:41.639 [main] DEBUG o.s.j.core.simple.SimpleJdbcInsert - JdbcInsert for table [movies] compiled
00:37:41.639 [main] DEBUG o.s.j.core.simple.SimpleJdbcInsert - The following parameters are used for call INSERT INTO movies (TITLE, MOVIEYEAR, GENRE, LENGTH) VALUES(?, ?, ?, ?) with: [film, 2015, null, 120]
00:37:41.641 [main] DEBUG o.s.jdbc.core.JdbcTemplate - Executing SQL update and returning generated keys
00:37:41.647 [main] DEBUG o.s.jdbc.core.JdbcTemplate - Executing prepared SQL statement
00:37:41.651 [main] DEBUG o.s.jdbc.datasource.DataSourceUtils - Fetching JDBC Connection from DataSource
00:37:41.652 [main] DEBUG o.s.j.core.simple.SimpleJdbcInsert - Using generated keys support with Statement.RETURN_GENERATED_KEYS.
00:37:41.686 [main] DEBUG o.s.jdbc.core.JdbcTemplate - SQL update affected 1 rows and returned 1 keys
00:37:41.687 [main] DEBUG o.s.jdbc.datasource.DataSourceUtils - Returning JDBC Connection to DataSource
00:37:41.688 [main] DEBUG c.m.moviemanager.MovieManagerImpl - updateMovie(com.mycompany.moviemanager.Movie@3)
00:37:41.688 [main] DEBUG o.s.jdbc.core.JdbcTemplate - Executing prepared SQL update
00:37:41.689 [main] DEBUG o.s.jdbc.core.JdbcTemplate - Executing prepared SQL statement [UPDATE MOVIES SET title=?, movieYear=?, genre=?, length=? WHERE id=?]
00:37:41.690 [main] DEBUG o.s.jdbc.datasource.DataSourceUtils - Fetching JDBC Connection from DataSource
00:37:41.740 [main] DEBUG o.s.jdbc.datasource.DataSourceUtils - Returning JDBC Connection to DataSource
00:37:42.113 [main] DEBUG o.s.core.env.StandardEnvironment - Adding [systemProperties] PropertySource with lowest search precedence
00:37:42.136 [main] DEBUG o.s.core.env.StandardEnvironment - Adding [systemEnvironment] PropertySource with lowest search precedence
00:37:42.138 [main] DEBUG o.s.core.env.StandardEnvironment - Initialized StandardEnvironment with PropertySources [systemProperties,systemEnvironment]
00:37:42.154 [main] INFO  o.s.b.f.xml.XmlBeanDefinitionReader - Loading XML bean definitions from class path resource [org/springframework/jdbc/support/sql-error-codes.xml]
00:37:42.169 [main] DEBUG o.s.b.f.xml.DefaultDocumentLoader - Using JAXP provider [com.sun.org.apache.xerces.internal.jaxp.DocumentBuilderFactoryImpl]
00:37:42.301 [main] DEBUG o.s.b.factory.xml.BeansDtdResolver - Found beans DTD [http://www.springframework.org/dtd/spring-beans-2.0.dtd] in classpath: spring-beans-2.0.dtd
00:37:42.372 [main] DEBUG o.s.b.f.x.DefaultBeanDefinitionDocumentReader - Loading bean definitions
00:37:42.434 [main] DEBUG o.s.b.f.s.DefaultListableBeanFactory - Creating shared instance of singleton bean &apos;DB2&apos;
00:37:42.434 [main] DEBUG o.s.b.f.s.DefaultListableBeanFactory - Creating instance of bean &apos;DB2&apos;
00:37:42.448 [main] DEBUG o.s.b.f.s.DefaultListableBeanFactory - Eagerly caching bean &apos;DB2&apos; to allow for resolving potential circular references
00:37:42.554 [main] DEBUG o.s.b.f.s.DefaultListableBeanFactory - Finished creating instance of bean &apos;DB2&apos;
00:37:42.555 [main] DEBUG o.s.b.f.s.DefaultListableBeanFactory - Creating shared instance of singleton bean &apos;Derby&apos;
00:37:42.556 [main] DEBUG o.s.b.f.s.DefaultListableBeanFactory - Creating instance of bean &apos;Derby&apos;
00:37:42.556 [main] DEBUG o.s.b.f.s.DefaultListableBeanFactory - Eagerly caching bean &apos;Derby&apos; to allow for resolving potential circular references
00:37:42.559 [main] DEBUG o.s.b.f.s.DefaultListableBeanFactory - Finished creating instance of bean &apos;Derby&apos;
00:37:42.560 [main] DEBUG o.s.b.f.s.DefaultListableBeanFactory - Creating shared instance of singleton bean &apos;H2&apos;
00:37:42.561 [main] DEBUG o.s.b.f.s.DefaultListableBeanFactory - Creating instance of bean &apos;H2&apos;
00:37:42.562 [main] DEBUG o.s.b.f.s.DefaultListableBeanFactory - Eagerly caching bean &apos;H2&apos; to allow for resolving potential circular references
00:37:42.563 [main] DEBUG o.s.b.f.s.DefaultListableBeanFactory - Finished creating instance of bean &apos;H2&apos;
00:37:42.571 [main] DEBUG o.s.b.f.s.DefaultListableBeanFactory - Creating shared instance of singleton bean &apos;HSQL&apos;
00:37:42.572 [main] DEBUG o.s.b.f.s.DefaultListableBeanFactory - Creating instance of bean &apos;HSQL&apos;
00:37:42.574 [main] DEBUG o.s.b.f.s.DefaultListableBeanFactory - Eagerly caching bean &apos;HSQL&apos; to allow for resolving potential circular references
00:37:42.577 [main] DEBUG o.s.b.f.s.DefaultListableBeanFactory - Finished creating instance of bean &apos;HSQL&apos;
00:37:42.578 [main] DEBUG o.s.b.f.s.DefaultListableBeanFactory - Creating shared instance of singleton bean &apos;Informix&apos;
00:37:42.579 [main] DEBUG o.s.b.f.s.DefaultListableBeanFactory - Creating instance of bean &apos;Informix&apos;
00:37:42.579 [main] DEBUG o.s.b.f.s.DefaultListableBeanFactory - Eagerly caching bean &apos;Informix&apos; to allow for resolving potential circular references
00:37:42.593 [main] DEBUG o.s.b.f.s.DefaultListableBeanFactory - Finished creating instance of bean &apos;Informix&apos;
00:37:42.594 [main] DEBUG o.s.b.f.s.DefaultListableBeanFactory - Creating shared instance of singleton bean &apos;MS-SQL&apos;
00:37:42.597 [main] DEBUG o.s.b.f.s.DefaultListableBeanFactory - Creating instance of bean &apos;MS-SQL&apos;
00:37:42.598 [main] DEBUG o.s.b.f.s.DefaultListableBeanFactory - Eagerly caching bean &apos;MS-SQL&apos; to allow for resolving potential circular references
00:37:42.606 [main] DEBUG o.s.b.f.s.DefaultListableBeanFactory - Finished creating instance of bean &apos;MS-SQL&apos;
00:37:42.607 [main] DEBUG o.s.b.f.s.DefaultListableBeanFactory - Creating shared instance of singleton bean &apos;MySQL&apos;
00:37:42.607 [main] DEBUG o.s.b.f.s.DefaultListableBeanFactory - Creating instance of bean &apos;MySQL&apos;
00:37:42.608 [main] DEBUG o.s.b.f.s.DefaultListableBeanFactory - Eagerly caching bean &apos;MySQL&apos; to allow for resolving potential circular references
00:37:42.611 [main] DEBUG o.s.b.f.s.DefaultListableBeanFactory - Finished creating instance of bean &apos;MySQL&apos;
00:37:42.612 [main] DEBUG o.s.b.f.s.DefaultListableBeanFactory - Creating shared instance of singleton bean &apos;Oracle&apos;
00:37:42.612 [main] DEBUG o.s.b.f.s.DefaultListableBeanFactory - Creating instance of bean &apos;Oracle&apos;
00:37:42.613 [main] DEBUG o.s.b.f.s.DefaultListableBeanFactory - Eagerly caching bean &apos;Oracle&apos; to allow for resolving potential circular references
00:37:42.616 [main] DEBUG o.s.b.f.s.DefaultListableBeanFactory - Finished creating instance of bean &apos;Oracle&apos;
00:37:42.617 [main] DEBUG o.s.b.f.s.DefaultListableBeanFactory - Creating shared instance of singleton bean &apos;PostgreSQL&apos;
00:37:42.617 [main] DEBUG o.s.b.f.s.DefaultListableBeanFactory - Creating instance of bean &apos;PostgreSQL&apos;
00:37:42.617 [main] DEBUG o.s.b.f.s.DefaultListableBeanFactory - Eagerly caching bean &apos;PostgreSQL&apos; to allow for resolving potential circular references
00:37:42.619 [main] DEBUG o.s.b.f.s.DefaultListableBeanFactory - Finished creating instance of bean &apos;PostgreSQL&apos;
00:37:42.619 [main] DEBUG o.s.b.f.s.DefaultListableBeanFactory - Creating shared instance of singleton bean &apos;Sybase&apos;
00:37:42.619 [main] DEBUG o.s.b.f.s.DefaultListableBeanFactory - Creating instance of bean &apos;Sybase&apos;
00:37:42.619 [main] DEBUG o.s.b.f.s.DefaultListableBeanFactory - Eagerly caching bean &apos;Sybase&apos; to allow for resolving potential circular references
00:37:42.622 [main] DEBUG o.s.b.f.s.DefaultListableBeanFactory - Finished creating instance of bean &apos;Sybase&apos;
00:37:42.623 [main] DEBUG o.s.b.f.s.DefaultListableBeanFactory - Creating shared instance of singleton bean &apos;Hana&apos;
00:37:42.623 [main] DEBUG o.s.b.f.s.DefaultListableBeanFactory - Creating instance of bean &apos;Hana&apos;
00:37:42.623 [main] DEBUG o.s.b.f.s.DefaultListableBeanFactory - Eagerly caching bean &apos;Hana&apos; to allow for resolving potential circular references
00:37:42.625 [main] DEBUG o.s.b.f.s.DefaultListableBeanFactory - Finished creating instance of bean &apos;Hana&apos;
00:37:42.625 [main] INFO  o.s.j.support.SQLErrorCodesFactory - SQLErrorCodes loaded: [DB2, Derby, H2, HSQL, Informix, MS-SQL, MySQL, Oracle, PostgreSQL, Sybase, Hana]
00:37:42.626 [main] DEBUG o.s.j.support.SQLErrorCodesFactory - Looking up default SQLErrorCodes for DataSource [org.apache.commons.dbcp2.BasicDataSource@12ed9db6]
00:37:42.627 [main] DEBUG o.s.jdbc.datasource.DataSourceUtils - Fetching JDBC Connection from DataSource
00:37:42.628 [main] DEBUG o.s.jdbc.datasource.DataSourceUtils - Returning JDBC Connection to DataSource
00:37:42.628 [main] DEBUG o.s.j.support.SQLErrorCodesFactory - Database product name cached for DataSource [org.apache.commons.dbcp2.BasicDataSource@12ed9db6]: name is &apos;Apache Derby&apos;
00:37:42.631 [main] DEBUG o.s.j.support.SQLErrorCodesFactory - SQL error codes for &apos;Apache Derby&apos; found
00:37:42.631 [main] DEBUG o.s.j.s.SQLErrorCodeSQLExceptionTranslator - Unable to translate SQLException with SQL state &apos;07000&apos;, error code &apos;30000, will now try the fallback translator
00:37:42.631 [main] DEBUG o.s.j.s.SQLStateSQLExceptionTranslator - Extracted SQL state class &apos;07&apos; from value &apos;07000&apos;
</system-out>
  </testcase>
</testsuite>